<?xml version="1.0" encoding="UTF-8"?>
<testsuite name="GeneralTests" tests="3" skipped="0" failures="0" errors="0" timestamp="2020-09-28T10:26:34" hostname="tx27js" time="28.209">
  <properties/>
  <testcase name="headline text is t-learn" classname="GeneralTests" time="6.24"/>
  <testcase name="event is displayed on details page after creation" classname="GeneralTests" time="12.876"/>
  <testcase name="created event is displayed on overview page" classname="GeneralTests" time="9.093"/>
  <system-out><![CDATA[]]></system-out>
  <system-err><![CDATA[Starting ChromeDriver 85.0.4183.38 (9047dbc2c693f044042bbec5c91401c708c7c26a-refs/branch-heads/4183@{#779}) on port 18283
Only local connections are allowed.
Please see https://chromedriver.chromium.org/security-considerations for suggestions on keeping ChromeDriver safe.
ChromeDriver was started successfully.
Sep 28, 2020 12:26:36 PM org.openqa.selenium.remote.ProtocolHandshake createSession
INFO: Detected dialect: W3C
]]></system-err>
</testsuite>
